This is pdfTeX, Version 3.1415926-1.40.10 (TeX Live 2009/Debian) (format=pdflatex 2014.4.29)  29 APR 2014 20:35
entering extended mode
 %&-line parsing enabled.
**6AritGuia07MultN_P.tex
(./6AritGuia07MultN_P.tex
LaTeX2e <2009/09/24>
Babel <v3.8l> and hyphenation patterns for english, usenglishmax, dumylang, noh
yphenation, spanish, galician, catalan, loaded.
(/usr/share/texmf-texlive/tex/latex/base/minimal.cls
Document Class: minimal 2001/05/25 Standard LaTeX minimal class
) (/usr/share/texmf-texlive/tex/latex/pdfpages/pdfpages.sty
Package: pdfpages 2009/02/07 v0.4g Insert pages of external PDF documents (AM)

(/usr/share/texmf-texlive/tex/latex/base/ifthen.sty
Package: ifthen 2001/05/26 v1.1c Standard LaTeX ifthen package (DPC)
)
(/usr/share/texmf-texlive/tex/latex/graphics/graphicx.sty
Package: graphicx 1999/02/16 v1.0f Enhanced LaTeX Graphics (DPC,SPQR)

(/usr/share/texmf-texlive/tex/latex/graphics/keyval.sty
Package: keyval 1999/03/16 v1.13 key=value parser (DPC)
\KV@toks@=\toks14
)
(/usr/share/texmf-texlive/tex/latex/graphics/graphics.sty
Package: graphics 2009/02/05 v1.0o Standard LaTeX Graphics (DPC,SPQR)

(/usr/share/texmf-texlive/tex/latex/graphics/trig.sty
Package: trig 1999/03/16 v1.09 sin cos tan (DPC)
)
(/etc/texmf/tex/latex/config/graphics.cfg
File: graphics.cfg 2009/08/28 v1.8 graphics configuration of TeX Live
)
Package graphics Info: Driver file: pdftex.def on input line 91.

(/usr/share/texmf-texlive/tex/latex/pdftex-def/pdftex.def
File: pdftex.def 2010/03/12 v0.04p Graphics/color for pdfTeX
\Gread@gobject=\count79
))
\Gin@req@height=\dimen102
\Gin@req@width=\dimen103
)
(/usr/share/texmf-texlive/tex/latex/tools/calc.sty
Package: calc 2007/08/22 v4.3 Infix arithmetic (KKT,FJ)
\calc@Acount=\count80
\calc@Bcount=\count81
\calc@Adimen=\dimen104
\calc@Bdimen=\dimen105
\calc@Askip=\skip41
\calc@Bskip=\skip42
LaTeX Info: Redefining \setlength on input line 76.
LaTeX Info: Redefining \addtolength on input line 77.
\calc@Ccount=\count82
\calc@Cskip=\skip43
)
(/usr/share/texmf-texlive/tex/latex/eso-pic/eso-pic.sty
Package: eso-pic 2006/07/14 v1.1d eso-pic (RN)

(/usr/share/texmf-texlive/tex/latex/ms/everyshi.sty
Package: everyshi 2001/05/15 v3.00 EveryShipout Package (MS)
))
(/usr/share/texmf-texlive/tex/latex/pdfpages/pppdftex.def
File: pppdftex.def 2009/02/07 v0.4g Pdfpages driver for pdfTeX (AM)
)
\AM@pagebox=\box26
\AM@toc@title=\toks15
\c@AM@survey=\count83
\AM@templatesizebox=\box27
)
(/usr/share/texmf-texlive/tex/latex/geometry/geometry.sty
Package: geometry 2008/12/21 v4.2 Page Geometry

(/usr/share/texmf-texlive/tex/generic/oberdiek/ifpdf.sty
Package: ifpdf 2009/04/10 v2.0 Provides the ifpdf switch (HO)
Package ifpdf Info: pdfTeX in pdf mode detected.
)
(/usr/share/texmf-texlive/tex/generic/oberdiek/ifvtex.sty
Package: ifvtex 2008/11/04 v1.4 Switches for detecting VTeX and its modes (HO)
Package ifvtex Info: VTeX not detected.
)
\Gm@cnth=\count84
\Gm@cntv=\count85
\c@Gm@tempcnt=\count86
\Gm@bindingoffset=\dimen106
\Gm@wd@mp=\dimen107
\Gm@odd@mp=\dimen108
\Gm@even@mp=\dimen109
\Gm@dimlist=\toks16
)
(/usr/share/texmf-texlive/tex/generic/babel/babel.sty
Package: babel 2008/07/06 v3.8l The Babel package

(/usr/share/texmf-texlive/tex/generic/babel/spanish.ldf
Language: spanish.ldf 2009/01/02 v5.0h Spanish support from the babel system

(/usr/share/texmf-texlive/tex/generic/babel/babel.def
File: babel.def 2008/07/06 v3.8l Babel common definitions
\babel@savecnt=\count87
\U@D=\dimen110
)
\es@datefmt=\count88
\es@quottoks=\toks17
\es@quotdepth=\count89
))
No file 6AritGuia07MultN_P.aux.
\openout1 = `6AritGuia07MultN_P.aux'.

LaTeX Font Info:    Checking defaults for OML/cmm/m/it on input line 5.
LaTeX Font Info:    ... okay on input line 5.
LaTeX Font Info:    Checking defaults for T1/cmr/m/n on input line 5.
LaTeX Font Info:    ... okay on input line 5.
LaTeX Font Info:    Checking defaults for OT1/cmr/m/n on input line 5.
LaTeX Font Info:    ... okay on input line 5.
LaTeX Font Info:    Checking defaults for OMS/cmsy/m/n on input line 5.
LaTeX Font Info:    ... okay on input line 5.
LaTeX Font Info:    Checking defaults for OMX/cmex/m/n on input line 5.
LaTeX Font Info:    ... okay on input line 5.
LaTeX Font Info:    Checking defaults for U/cmr/m/n on input line 5.
LaTeX Font Info:    ... okay on input line 5.
(/usr/share/texmf-texlive/tex/context/base/supp-pdf.mkii
[Loading MPS to PDF converter (version 2006.09.02).]
\scratchcounter=\count90
\scratchdimen=\dimen111
\scratchbox=\box28
\nofMPsegments=\count91
\nofMParguments=\count92
\everyMPshowfont=\toks18
\MPscratchCnt=\count93
\MPscratchDim=\dimen112
\MPnumerator=\count94
\everyMPtoPDFconversion=\toks19
) ABD: EveryShipout initializing macros
(/usr/share/texmf-texlive/tex/latex/graphics/color.sty
Package: color 2005/11/14 v1.0j Standard LaTeX Color (DPC)

(/etc/texmf/tex/latex/config/color.cfg
File: color.cfg 2007/01/18 v1.5 color configuration of teTeX/TeXLive
)
Package color Info: Driver file: pdftex.def on input line 130.
)
*geometry auto-detecting driver*
*geometry detected driver: pdftex*
-------------------- Geometry parameters
paper: user defined
landscape: --
twocolumn: --
twoside: --
asymmetric: --
h-parts: 92.14519pt, 0.7\paperwidth , 92.14519pt (default)
v-parts: 112.74234pt, 0.7\paperheight , 169.11354pt (default)
hmarginratio: 1:1
vmarginratio: 2:3
lines: --
heightrounded: --
bindingoffset: 0.0pt
truedimen: --
includehead: --
includefoot: --
includemp: --
driver: pdftex
-------------------- Page layout dimensions and switches
\paperwidth  614.295pt
\paperheight 939.51pt
\textwidth  430.00462pt
\textheight 657.65411pt
\oddsidemargin  19.8752pt
\evensidemargin 19.8752pt
\topmargin  40.47235pt
\headheight 0.0pt
\headsep    0.0pt
\footskip   0.0pt
\marginparwidth 0.0pt
\marginparsep   0.0pt
\columnsep  0.0pt
\skip\footins  12.0pt plus 4.0pt minus 4.0pt
\hoffset 0.0pt
\voffset 0.0pt
\mag 1000

(1in=72.27pt, 1cm=28.45pt)
-----------------------
<6AritGuia07MultN.pdf, id=3, page=4, 469.755pt x 614.295pt>
File: 6AritGuia07MultN.pdf Graphic file (type pdf)

<use 6AritGuia07MultN.pdf, page 4>
File: 6AritGuia07MultN.pdf Graphic file (type pdf)
 <use 6AritGuia07MultN.pdf, page 4>
File: 6AritGuia07MultN.pdf Graphic file (type pdf)

<use 6AritGuia07MultN.pdf, page 4>
File: 6AritGuia07MultN.pdf Graphic file (type pdf)
 <use 6AritGuia07MultN.pdf, page 4>
<6AritGuia07MultN.pdf, id=4, page=1, 469.755pt x 614.295pt>
File: 6AritGuia07MultN.pdf Graphic file (type pdf)

<use 6AritGuia07MultN.pdf, page 1>
File: 6AritGuia07MultN.pdf Graphic file (type pdf)
 <use 6AritGuia07MultN.pdf, page 1>
File: 6AritGuia07MultN.pdf Graphic file (type pdf)

<use 6AritGuia07MultN.pdf, page 4>
File: 6AritGuia07MultN.pdf Graphic file (type pdf)
 <use 6AritGuia07MultN.pdf, page 1> [1 <./6AritGuia07MultN.pdf{/var/lib/texmf/f
onts/map/pdftex/updmap/pdftex.map}> <./6AritGuia07MultN.pdf>] <6AritGuia07MultN
.pdf, id=54, page=3, 469.755pt x 614.295pt>
File: 6AritGuia07MultN.pdf Graphic file (type pdf)

<use 6AritGuia07MultN.pdf, page 3>
File: 6AritGuia07MultN.pdf Graphic file (type pdf)
 <use 6AritGuia07MultN.pdf, page 3>
<6AritGuia07MultN.pdf, id=55, page=2, 469.755pt x 614.295pt>
File: 6AritGuia07MultN.pdf Graphic file (type pdf)

<use 6AritGuia07MultN.pdf, page 2>
File: 6AritGuia07MultN.pdf Graphic file (type pdf)
 <use 6AritGuia07MultN.pdf, page 2>
File: 6AritGuia07MultN.pdf Graphic file (type pdf)

<use 6AritGuia07MultN.pdf, page 3>
File: 6AritGuia07MultN.pdf Graphic file (type pdf)
 <use 6AritGuia07MultN.pdf, page 2> [2 <./6AritGuia07MultN.pdf> <./6AritGuia07M
ultN.pdf>] (./6AritGuia07MultN_P.aux) ) 
Here is how much of TeX's memory you used:
 2356 strings out of 494999
 32801 string characters out of 1180816
 91138 words of memory out of 3000000
 5557 multiletter control sequences out of 15000+50000
 3640 words of font info for 14 fonts, out of 3000000 for 9000
 54 hyphenation exceptions out of 8191
 34i,18n,40p,280b,434s stack positions out of 5000i,500n,10000p,200000b,50000s
</usr/share/texmf/fonts/type1/public/lm/
lmbx12.pfb></usr/share/texmf/fonts/type1/public/lm/lmmi10.pfb></usr/share/texmf
/fonts/type1/public/lm/lmr10.pfb></usr/share/texmf/fonts/type1/public/lm/lmr12.
pfb></usr/share/texmf/fonts/type1/public/lm/lmr17.pfb></usr/share/texmf/fonts/t
ype1/public/lm/lmri10.pfb></usr/share/texmf/fonts/type1/public/lm/lmsy10.pfb></
usr/share/texmf/fonts/type1/public/lm/lmsy7.pfb></usr/share/texmf-texlive/fonts
/type1/public/amsfonts/symbols/msbm10.pfb>
Output written on 6AritGuia07MultN_P.pdf (2 pages, 241167 bytes).
PDF statistics:
 79 PDF objects out of 1000 (max. 8388607)
 0 named destinations out of 1000 (max. 500000)
 31 words of extra memory for PDF output out of 10000 (max. 10000000)

