This is pdfTeX, Version 3.1415926-2.5-1.40.14 (TeX Live 2013/TeX Live for SUSE Linux) (format=pdflatex 2014.9.2)  10 SEP 2014 20:08
entering extended mode
 restricted \write18 enabled.
 %&-line parsing enabled.
**AutoevalOficio8P.tex
(./AutoevalOficio8P.tex
LaTeX2e <2011/06/27>
Babel <3.9f> and hyphenation patterns for 78 languages loaded.
(/usr/share/texmf/tex/latex/base/minimal.cls
Document Class: minimal 2001/05/25 Standard LaTeX minimal class
) (/usr/share/texmf/tex/latex/pdfpages/pdfpages.sty
Package: pdfpages 2012/08/31 v0.4t Insert pages of external PDF documents (AM)

(/usr/share/texmf/tex/latex/base/ifthen.sty
Package: ifthen 2001/05/26 v1.1c Standard LaTeX ifthen package (DPC)
)
(/usr/share/texmf/tex/latex/tools/calc.sty
Package: calc 2007/08/22 v4.3 Infix arithmetic (KKT,FJ)
\calc@Acount=\count79
\calc@Bcount=\count80
\calc@Adimen=\dimen102
\calc@Bdimen=\dimen103
\calc@Askip=\skip41
\calc@Bskip=\skip42
LaTeX Info: Redefining \setlength on input line 76.
LaTeX Info: Redefining \addtolength on input line 77.
\calc@Ccount=\count81
\calc@Cskip=\skip43
)
(/usr/share/texmf/tex/latex/eso-pic/eso-pic.sty
Package: eso-pic 2010/10/06 v2.0c eso-pic (RN)

(/usr/share/texmf/tex/generic/oberdiek/atbegshi.sty
Package: atbegshi 2011/10/05 v1.16 At begin shipout hook (HO)

(/usr/share/texmf/tex/generic/oberdiek/infwarerr.sty
Package: infwarerr 2010/04/08 v1.3 Providing info/warning/error messages (HO)
)
(/usr/share/texmf/tex/generic/oberdiek/ltxcmds.sty
Package: ltxcmds 2011/11/09 v1.22 LaTeX kernel commands for general use (HO)
)
(/usr/share/texmf/tex/generic/oberdiek/ifpdf.sty
Package: ifpdf 2011/01/30 v2.3 Provides the ifpdf switch (HO)
Package ifpdf Info: pdfTeX in PDF mode is detected.
))
(/usr/share/texmf/tex/latex/graphics/keyval.sty
Package: keyval 1999/03/16 v1.13 key=value parser (DPC)
\KV@toks@=\toks14
)
(/usr/share/texmf/tex/latex/xcolor/xcolor.sty
Package: xcolor 2007/01/21 v2.11 LaTeX color extensions (UK)

(/usr/share/texmf/tex/latex/latexconfig/color.cfg
File: color.cfg 2007/01/18 v1.5 color configuration of teTeX/TeXLive
)
Package xcolor Info: Driver file: pdftex.def on input line 225.

(/usr/share/texmf/tex/latex/pdftex-def/pdftex.def
File: pdftex.def 2011/05/27 v0.06d Graphics/color for pdfTeX
\Gread@gobject=\count82
)
Package xcolor Info: Model `cmy' substituted by `cmy0' on input line 1337.
Package xcolor Info: Model `hsb' substituted by `rgb' on input line 1341.
Package xcolor Info: Model `RGB' extended on input line 1353.
Package xcolor Info: Model `HTML' substituted by `rgb' on input line 1355.
Package xcolor Info: Model `Hsb' substituted by `hsb' on input line 1356.
Package xcolor Info: Model `tHsb' substituted by `hsb' on input line 1357.
Package xcolor Info: Model `HSB' substituted by `hsb' on input line 1358.
Package xcolor Info: Model `Gray' substituted by `gray' on input line 1359.
Package xcolor Info: Model `wave' substituted by `hsb' on input line 1360.
))
(/usr/share/texmf/tex/latex/graphics/graphicx.sty
Package: graphicx 1999/02/16 v1.0f Enhanced LaTeX Graphics (DPC,SPQR)

(/usr/share/texmf/tex/latex/graphics/graphics.sty
Package: graphics 2009/02/05 v1.0o Standard LaTeX Graphics (DPC,SPQR)

(/usr/share/texmf/tex/latex/graphics/trig.sty
Package: trig 1999/03/16 v1.09 sin cos tan (DPC)
)
(/usr/share/texmf/tex/latex/latexconfig/graphics.cfg
File: graphics.cfg 2010/04/23 v1.9 graphics configuration of TeX Live
)
Package graphics Info: Driver file: pdftex.def on input line 91.
)
\Gin@req@height=\dimen104
\Gin@req@width=\dimen105
)
(/usr/share/texmf/tex/latex/pdfpages/pppdftex.def
File: pppdftex.def 2012/08/31 v0.4t Pdfpages driver for pdfTeX (AM)
)
\AM@pagebox=\box26
\AM@toc@title=\toks15
\c@AM@survey=\count83
\AM@templatesizebox=\box27
)
(/usr/share/texmf/tex/latex/geometry/geometry.sty
Package: geometry 2010/09/12 v5.6 Page Geometry

(/usr/share/texmf/tex/generic/oberdiek/ifvtex.sty
Package: ifvtex 2010/03/01 v1.5 Detect VTeX and its facilities (HO)
Package ifvtex Info: VTeX not detected.
)
(/usr/share/texmf/tex/generic/ifxetex/ifxetex.sty
Package: ifxetex 2010/09/12 v0.6 Provides ifxetex conditional
)
\Gm@cnth=\count84
\Gm@cntv=\count85
\c@Gm@tempcnt=\count86
\Gm@bindingoffset=\dimen106
\Gm@wd@mp=\dimen107
\Gm@odd@mp=\dimen108
\Gm@even@mp=\dimen109
\Gm@layoutwidth=\dimen110
\Gm@layoutheight=\dimen111
\Gm@layouthoffset=\dimen112
\Gm@layoutvoffset=\dimen113
\Gm@dimlist=\toks16
)
(/usr/share/texmf/tex/generic/babel/babel.sty
Package: babel 2013/05/16 v3.9f The Babel package

(/usr/share/texmf/tex/generic/babel-spanish/spanish.ldf
Language: spanish.ldf 2010/05/23 v5.0j Spanish support from the babel system

(/usr/share/texmf/tex/generic/babel/babel.def
File: babel.def 2013/05/16 v3.9f Babel common definitions
\babel@savecnt=\count87
\U@D=\dimen114
)
\es@datefmt=\count88
\es@quottoks=\toks17
\es@quotdepth=\count89
))
No file AutoevalOficio8P.aux.
\openout1 = `AutoevalOficio8P.aux'.

LaTeX Font Info:    Checking defaults for OML/cmm/m/it on input line 5.
LaTeX Font Info:    ... okay on input line 5.
LaTeX Font Info:    Checking defaults for T1/cmr/m/n on input line 5.
LaTeX Font Info:    ... okay on input line 5.
LaTeX Font Info:    Checking defaults for OT1/cmr/m/n on input line 5.
LaTeX Font Info:    ... okay on input line 5.
LaTeX Font Info:    Checking defaults for OMS/cmsy/m/n on input line 5.
LaTeX Font Info:    ... okay on input line 5.
LaTeX Font Info:    Checking defaults for OMX/cmex/m/n on input line 5.
LaTeX Font Info:    ... okay on input line 5.
LaTeX Font Info:    Checking defaults for U/cmr/m/n on input line 5.
LaTeX Font Info:    ... okay on input line 5.
\AtBeginShipoutBox=\box28
(/usr/share/texmf/tex/context/base/supp-pdf.mkii
[Loading MPS to PDF converter (version 2006.09.02).]
\scratchcounter=\count90
\scratchdimen=\dimen115
\scratchbox=\box29
\nofMPsegments=\count91
\nofMParguments=\count92
\everyMPshowfont=\toks18
\MPscratchCnt=\count93
\MPscratchDim=\dimen116
\MPnumerator=\count94
\makeMPintoPDFobject=\count95
\everyMPtoPDFconversion=\toks19
) (/usr/share/texmf/tex/generic/oberdiek/pdftexcmds.sty
Package: pdftexcmds 2011/11/29 v0.20 Utility functions of pdfTeX for LuaTeX (HO
)

(/usr/share/texmf/tex/generic/oberdiek/ifluatex.sty
Package: ifluatex 2010/03/01 v1.3 Provides the ifluatex switch (HO)
Package ifluatex Info: LuaTeX not detected.
)
Package pdftexcmds Info: LuaTeX not detected.
Package pdftexcmds Info: \pdf@primitive is available.
Package pdftexcmds Info: \pdf@ifprimitive is available.
Package pdftexcmds Info: \pdfdraftmode found.
)
(/usr/share/texmf/tex/latex/oberdiek/epstopdf-base.sty
Package: epstopdf-base 2010/02/09 v2.5 Base part for package epstopdf

(/usr/share/texmf/tex/latex/oberdiek/grfext.sty
Package: grfext 2010/08/19 v1.1 Manage graphics extensions (HO)

(/usr/share/texmf/tex/generic/oberdiek/kvdefinekeys.sty
Package: kvdefinekeys 2011/04/07 v1.3 Define keys (HO)
))
(/usr/share/texmf/tex/latex/oberdiek/kvoptions.sty
Package: kvoptions 2011/06/30 v3.11 Key value format for package options (HO)

(/usr/share/texmf/tex/generic/oberdiek/kvsetkeys.sty
Package: kvsetkeys 2012/04/25 v1.16 Key value parser (HO)

(/usr/share/texmf/tex/generic/oberdiek/etexcmds.sty
Package: etexcmds 2011/02/16 v1.5 Avoid name clashes with e-TeX commands (HO)
Package etexcmds Info: Could not find \expanded.
(etexcmds)             That can mean that you are not using pdfTeX 1.50 or
(etexcmds)             that some package has redefined \expanded.
(etexcmds)             In the latter case, load this package earlier.
)))
Package grfext Info: Graphics extension search list:
(grfext)             [.png,.pdf,.jpg,.mps,.jpeg,.jbig2,.jb2,.PNG,.PDF,.JPG,.JPE
G,.JBIG2,.JB2,.eps]
(grfext)             \AppendGraphicsExtensions on input line 452.

(/usr/share/texmf/tex/latex/latexconfig/epstopdf-sys.cfg
File: epstopdf-sys.cfg 2010/07/13 v1.3 Configuration of (r)epstopdf for TeX Liv
e
))
*geometry* driver: auto-detecting
*geometry* detected driver: pdftex
*geometry* verbose mode - [ preamble ] result:
* driver: pdftex
* paper: custom
* layout: <same size as paper>
* layoutoffset:(h,v)=(0.0pt,0.0pt)
* modes: 
* h-part:(L,W,R)=(92.14519pt, 430.00462pt, 92.14519pt)
* v-part:(T,H,B)=(112.74234pt, 657.65411pt, 169.11354pt)
* \paperwidth=614.295pt
* \paperheight=939.51pt
* \textwidth=430.00462pt
* \textheight=657.65411pt
* \oddsidemargin=19.8752pt
* \evensidemargin=19.8752pt
* \topmargin=40.47235pt
* \headheight=0.0pt
* \headsep=0.0pt
* \topskip=10.0pt
* \footskip=0.0pt
* \marginparwidth=0.0pt
* \marginparsep=0.0pt
* \columnsep=0.0pt
* \skip\footins=12.0pt plus 4.0pt minus 4.0pt
* \hoffset=0.0pt
* \voffset=0.0pt
* \mag=1000
* \@twocolumnfalse
* \@twosidefalse
* \@mparswitchfalse
* \@reversemarginfalse
* (1in=72.27pt=25.4mm, 1cm=28.453pt)

LaTeX Info: Redefining \. on input line 5.
LaTeX Info: Redefining \% on input line 5.
<AutoevalOficio8.pdf, id=3, page=4, 469.755pt x 614.295pt>
File: AutoevalOficio8.pdf Graphic file (type pdf)

<use AutoevalOficio8.pdf, page 4>
Package pdftex.def Info: AutoevalOficio8.pdf, page4 used on input line 6.
(pdftex.def)             Requested size: 469.75386pt x 614.29349pt.
File: AutoevalOficio8.pdf Graphic file (type pdf)
 <use AutoevalOficio8.pdf, page 4>
Package pdftex.def Info: AutoevalOficio8.pdf, page4 used on input line 6.
(pdftex.def)             Requested size: 469.97606pt x 614.58406pt.
File: AutoevalOficio8.pdf Graphic file (type pdf)

<use AutoevalOficio8.pdf, page 4>
Package pdftex.def Info: AutoevalOficio8.pdf, page4 used on input line 6.
(pdftex.def)             Requested size: 469.97606pt x 614.58406pt.
File: AutoevalOficio8.pdf Graphic file (type pdf)
 <use AutoevalOficio8.pdf, page 4>
Package pdftex.def Info: AutoevalOficio8.pdf, page4 used on input line 6.
(pdftex.def)             Requested size: 469.97606pt x 614.58406pt.

<AutoevalOficio8.pdf, id=4, page=1, 469.755pt x 614.295pt>
File: AutoevalOficio8.pdf Graphic file (type pdf)

<use AutoevalOficio8.pdf, page 1>
Package pdftex.def Info: AutoevalOficio8.pdf, page1 used on input line 6.
(pdftex.def)             Requested size: 469.97606pt x 614.58406pt.
File: AutoevalOficio8.pdf Graphic file (type pdf)
 <use AutoevalOficio8.pdf, page 1>
Package pdftex.def Info: AutoevalOficio8.pdf, page1 used on input line 6.
(pdftex.def)             Requested size: 469.97606pt x 614.58406pt.
File: AutoevalOficio8.pdf Graphic file (type pdf)

<use AutoevalOficio8.pdf, page 4>
Package pdftex.def Info: AutoevalOficio8.pdf, page4 used on input line 6.
(pdftex.def)             Requested size: 469.97606pt x 614.58406pt.
File: AutoevalOficio8.pdf Graphic file (type pdf)
 <use AutoevalOficio8.pdf, page 1>
Package pdftex.def Info: AutoevalOficio8.pdf, page1 used on input line 6.
(pdftex.def)             Requested size: 469.97606pt x 614.58406pt.
 [1 <./AutoevalOficio8.pdf{/usr/share/texmf/fonts/map/pdftex/updmap/pdftex.map}
> <./AutoevalOficio8.pdf>] <AutoevalOficio8.pdf, id=32, page=3, 469.755pt x 614
.295pt>
File: AutoevalOficio8.pdf Graphic file (type pdf)

<use AutoevalOficio8.pdf, page 3>
Package pdftex.def Info: AutoevalOficio8.pdf, page3 used on input line 6.
(pdftex.def)             Requested size: 469.97606pt x 614.58406pt.
File: AutoevalOficio8.pdf Graphic file (type pdf)
 <use AutoevalOficio8.pdf, page 3>
Package pdftex.def Info: AutoevalOficio8.pdf, page3 used on input line 6.
(pdftex.def)             Requested size: 469.97606pt x 614.58406pt.

<AutoevalOficio8.pdf, id=33, page=2, 469.755pt x 614.295pt>
File: AutoevalOficio8.pdf Graphic file (type pdf)

<use AutoevalOficio8.pdf, page 2>
Package pdftex.def Info: AutoevalOficio8.pdf, page2 used on input line 6.
(pdftex.def)             Requested size: 469.97606pt x 614.58406pt.
File: AutoevalOficio8.pdf Graphic file (type pdf)
 <use AutoevalOficio8.pdf, page 2>
Package pdftex.def Info: AutoevalOficio8.pdf, page2 used on input line 6.
(pdftex.def)             Requested size: 469.97606pt x 614.58406pt.
File: AutoevalOficio8.pdf Graphic file (type pdf)

<use AutoevalOficio8.pdf, page 3>
Package pdftex.def Info: AutoevalOficio8.pdf, page3 used on input line 6.
(pdftex.def)             Requested size: 469.97606pt x 614.58406pt.
File: AutoevalOficio8.pdf Graphic file (type pdf)
 <use AutoevalOficio8.pdf, page 2>
Package pdftex.def Info: AutoevalOficio8.pdf, page2 used on input line 6.
(pdftex.def)             Requested size: 469.97606pt x 614.58406pt.
 [2 <./AutoevalOficio8.pdf> <./AutoevalOficio8.pdf>] (./AutoevalOficio8P.aux
LaTeX Info: Redefining \. on input line 2.
LaTeX Info: Redefining \% on input line 2.
) ) 
Here is how much of TeX's memory you used:
 3599 strings out of 493315
 50187 string characters out of 6145894
 126026 words of memory out of 5000000
 7027 multiletter control sequences out of 15000+600000
 3640 words of font info for 14 fonts, out of 8000000 for 9000
 957 hyphenation exceptions out of 8191
 42i,20n,49p,278b,470s stack positions out of 5000i,500n,10000p,200000b,80000s
</usr/share/texmf/fonts/type1/public/amsfonts/cm/cmbx12.pfb></usr/share/texm
f/fonts/type1/public/amsfonts/cm/cmr10.pfb></usr/share/texmf/fonts/type1/public
/amsfonts/cm/cmr12.pfb></usr/share/texmf/fonts/type1/public/amsfonts/cm/cmr17.p
fb>
Output written on AutoevalOficio8P.pdf (2 pages, 78539 bytes).
PDF statistics:
 43 PDF objects out of 1000 (max. 8388607)
 27 compressed objects within 1 object stream
 0 named destinations out of 1000 (max. 500000)
 31 words of extra memory for PDF output out of 10000 (max. 10000000)

