This is pdfTeX, Version 3.14159265-2.6-1.40.17 (TeX Live 2016/Debian) (preloaded format=prv_notes 2018.9.7)  7 SEP 2018 18:48
entering extended mode
 restricted \write18 enabled.
 %&-line parsing enabled.
**&prv_notes _region_.tex
(./_region_.tex
LaTeX2e <2017/01/01> patch level 3
Babel <3.9r> and hyphenation patterns for 8 language(s) loaded.
CUSTOMISED FORMAT. Preloaded files:
        .
 article.cls    2014/09/29 v1.4h Standard LaTeX document class
  size10.clo    2014/09/29 v1.4h Standard LaTeX file (size option)
        .
No file _region_.aux.
LaTeX Font Info:    Checking defaults for OML/cmm/m/it on input line 6.
LaTeX Font Info:    ... okay on input line 6.
LaTeX Font Info:    Checking defaults for T1/cmr/m/n on input line 6.
LaTeX Font Info:    ... okay on input line 6.
LaTeX Font Info:    Checking defaults for OT1/cmr/m/n on input line 6.
LaTeX Font Info:    ... okay on input line 6.
LaTeX Font Info:    Checking defaults for OMS/cmsy/m/n on input line 6.
LaTeX Font Info:    ... okay on input line 6.
LaTeX Font Info:    Checking defaults for OMX/cmex/m/n on input line 6.
LaTeX Font Info:    ... okay on input line 6.
LaTeX Font Info:    Checking defaults for U/cmr/m/n on input line 6.
LaTeX Font Info:    ... okay on input line 6.
(/home/german/.emacs.d/elpa/auctex-12.1.1/latex/preview.sty
Package: preview 2017/04/24 12.1 (AUCTeX/preview-latex)
 (/home/german/.emacs.d/elpa/auctex-12.1.1/latex/prtightpage.def
\PreviewBorder=\dimen103
) (/home/german/.emacs.d/elpa/auctex-12.1.1/latex/prauctex.def
No auxiliary output files.


\hbadness=\count87
\hfuzz=\dimen104
(/home/german/.emacs.d/elpa/auctex-12.1.1/latex/prauctex.cfg)) (/home/german/.emacs.d/elpa/auctex-12.1.1/latex/prfootnotes.def)
\pr@snippet=\count88
\pr@box=\box26
\pr@output=\toks14

Preview: Fontsize 10pt
Preview: PDFoutput 1
)  !name(notes.tex) !offset(0) 
! Preview: Snippet 1 started.
<-><->
      
l.10 $
      E=mc^2$
Not a real error.

Preview: Tightpage -32891 -32891 32891 32891
! Preview: Snippet 1 ended.(533465+0x2548391).
<-><->
      
l.10 $E=mc^2$
             
Not a real error.

[1{/var/lib/texmf/fonts/map/pdftex/updmap/pdftex.map}] ) 
Here is how much of TeX's memory you used:
 177 strings out of 494609
 2504 string characters out of 6175290
 50901 words of memory out of 5000000
 3769 multiletter control sequences out of 15000+600000
 5723 words of font info for 21 fonts, out of 8000000 for 9000
 62 hyphenation exceptions out of 8191
 22i,2n,24p,162b,49s stack positions out of 5000i,500n,10000p,200000b,80000s
</usr/share/texlive/texmf-dist/fonts/type1/public/amsfonts/cm/cmmi10.pfb></usr/share/texlive/texmf-dist/fonts/type1/public/amsfonts/cm/cmr10.pfb></usr/share/texlive/texmf-dist/fonts/type1/public/amsfonts/cm/cmr7.pfb>
Output written on _region_.pdf (1 page, 23127 bytes).
PDF statistics:
 20 PDF objects out of 1000 (max. 8388607)
 13 compressed objects within 1 object stream
 0 named destinations out of 1000 (max. 500000)
 1 words of extra memory for PDF output out of 10000 (max. 10000000)

