This is pdfTeX, Version 3.1415926-2.5-1.40.14 (MiKTeX 2.9) (preloaded format=pdflatex 2015.2.7)  26 MAR 2015 13:50
entering extended mode
**ejemplo6-8.tex
(D:\Usuarios\wmora2\Desktop\LATEX\code2013\ejemplo6-8.tex
LaTeX2e <2011/06/27>
Babel <v3.8m> and hyphenation patterns for english, afrikaans, ancientgreek, ar
abic, armenian, assamese, basque, bengali, bokmal, bulgarian, catalan, coptic, 
croatian, czech, danish, dutch, esperanto, estonian, farsi, finnish, french, ga
lician, german, german-x-2013-05-26, greek, gujarati, hindi, hungarian, iceland
ic, indonesian, interlingua, irish, italian, kannada, kurmanji, latin, latvian,
 lithuanian, malayalam, marathi, mongolian, mongolianlmc, monogreek, ngerman, n
german-x-2013-05-26, nynorsk, oriya, panjabi, pinyin, polish, portuguese, roman
ian, russian, sanskrit, serbian, slovak, slovenian, spanish, swedish, swissgerm
an, tamil, telugu, turkish, turkmen, ukenglish, ukrainian, uppersorbian, usengl
ishmax, welsh, loaded.
("C:\Program Files (x86)\MiKTeX 2.9\tex\latex\base\article.cls"
Document Class: article 2007/10/19 v1.4h Standard LaTeX document class
("C:\Program Files (x86)\MiKTeX 2.9\tex\latex\base\size10.clo"
File: size10.clo 2007/10/19 v1.4h Standard LaTeX file (size option)
)
\c@part=\count79
\c@section=\count80
\c@subsection=\count81
\c@subsubsection=\count82
\c@paragraph=\count83
\c@subparagraph=\count84
\c@figure=\count85
\c@table=\count86
\abovecaptionskip=\skip41
\belowcaptionskip=\skip42
\bibindent=\dimen102
)
("C:\Program Files (x86)\MiKTeX 2.9\tex\latex\graphics\graphicx.sty"
Package: graphicx 1999/02/16 v1.0f Enhanced LaTeX Graphics (DPC,SPQR)

("C:\Program Files (x86)\MiKTeX 2.9\tex\latex\graphics\keyval.sty"
Package: keyval 1999/03/16 v1.13 key=value parser (DPC)
\KV@toks@=\toks14
)
("C:\Program Files (x86)\MiKTeX 2.9\tex\latex\graphics\graphics.sty"
Package: graphics 2009/02/05 v1.0o Standard LaTeX Graphics (DPC,SPQR)

("C:\Program Files (x86)\MiKTeX 2.9\tex\latex\graphics\trig.sty"
Package: trig 1999/03/16 v1.09 sin cos tan (DPC)
)
("C:\Program Files (x86)\MiKTeX 2.9\tex\latex\00miktex\graphics.cfg"
File: graphics.cfg 2007/01/18 v1.5 graphics configuration of teTeX/TeXLive
)
Package graphics Info: Driver file: pdftex.def on input line 91.

("C:\Program Files (x86)\MiKTeX 2.9\tex\latex\pdftex-def\pdftex.def"
File: pdftex.def 2011/05/27 v0.06d Graphics/color for pdfTeX

("C:\Program Files (x86)\MiKTeX 2.9\tex\generic\oberdiek\infwarerr.sty"
Package: infwarerr 2010/04/08 v1.3 Providing info/warning/error messages (HO)
)
("C:\Program Files (x86)\MiKTeX 2.9\tex\generic\oberdiek\ltxcmds.sty"
Package: ltxcmds 2011/11/09 v1.22 LaTeX kernel commands for general use (HO)
)
\Gread@gobject=\count87
))
\Gin@req@height=\dimen103
\Gin@req@width=\dimen104
)
("C:\Program Files (x86)\MiKTeX 2.9\tex\latex\float\float.sty"
Package: float 2001/11/08 v1.3d Float enhancements (AL)
\c@float@type=\count88
\float@exts=\toks15
\float@box=\box26
\@float@everytoks=\toks16
\@floatcapt=\box27
)
(D:\Usuarios\wmora2\AppData\Roaming\MiKTeX\2.9\tex\latex\subfigure\subfigure.st
y
Package: subfigure 2002/07/30 v2.1.4 subfigure package
\subfigtopskip=\skip43
\subfigcapskip=\skip44
\subfigcaptopadj=\dimen105
\subfigbottomskip=\skip45
\subfigcapmargin=\dimen106
\subfiglabelskip=\skip46
\c@subfigure=\count89
\c@lofdepth=\count90
\c@subtable=\count91
\c@lotdepth=\count92

****************************************
* Local config file subfigure.cfg used *
****************************************

(D:\Usuarios\wmora2\AppData\Roaming\MiKTeX\2.9\tex\latex\subfigure\subfigure.cf
g)
\subfig@top=\skip47
\subfig@bottom=\skip48
) (D:\Usuarios\wmora2\Desktop\LATEX\code2013\ejemplo6-8.aux)
LaTeX Font Info:    Checking defaults for OML/cmm/m/it on input line 7.
LaTeX Font Info:    ... okay on input line 7.
LaTeX Font Info:    Checking defaults for T1/cmr/m/n on input line 7.
LaTeX Font Info:    ... okay on input line 7.
LaTeX Font Info:    Checking defaults for OT1/cmr/m/n on input line 7.
LaTeX Font Info:    ... okay on input line 7.
LaTeX Font Info:    Checking defaults for OMS/cmsy/m/n on input line 7.
LaTeX Font Info:    ... okay on input line 7.
LaTeX Font Info:    Checking defaults for OMX/cmex/m/n on input line 7.
LaTeX Font Info:    ... okay on input line 7.
LaTeX Font Info:    Checking defaults for U/cmr/m/n on input line 7.
LaTeX Font Info:    ... okay on input line 7.

(D:\Usuarios\wmora2\AppData\Roaming\MiKTeX\2.9\tex\context\base\supp-pdf.mkii
[Loading MPS to PDF converter (version 2006.09.02).]
\scratchcounter=\count93
\scratchdimen=\dimen107
\scratchbox=\box28
\nofMPsegments=\count94
\nofMParguments=\count95
\everyMPshowfont=\toks17
\MPscratchCnt=\count96
\MPscratchDim=\dimen108
\MPnumerator=\count97
\makeMPintoPDFobject=\count98
\everyMPtoPDFconversion=\toks18
) <images/newton6.pdf, id=1, 165.51636pt x 94.78511pt>
File: images/newton6.pdf Graphic file (type pdf)

<use images/newton6.pdf>
Package pdftex.def Info: images/newton6.pdf used on input line 10.
(pdftex.def)             Requested size: 82.75797pt x 47.39243pt.
 <images/newton5.pdf, id=2, 240.29373pt x 118.89418pt>
File: images/newton5.pdf Graphic file (type pdf)

<use images/newton5.pdf>
Package pdftex.def Info: images/newton5.pdf used on input line 11.
(pdftex.def)             Requested size: 120.14656pt x 59.44693pt.
 <images/newton4.pdf, id=3, 197.92645pt x 114.70354pt>
File: images/newton4.pdf Graphic file (type pdf)

<use images/newton4.pdf>
Package pdftex.def Info: images/newton4.pdf used on input line 12.
(pdftex.def)             Requested size: 98.96298pt x 57.35162pt.
Missing character: There is no Ã in font cmr10!
Missing character: There is no ³ in font cmr10!
 [1

{D:/Usuarios/wmora2/AppData/Local/MiKTeX/2.9/pdftex/config/pdftex.map} <D:/Usua
rios/wmora2/Desktop/LATEX/code2013/images/newton6.pdf> <D:/Usuarios/wmora2/Desk
top/LATEX/code2013/images/newton5.pdf> <D:/Usuarios/wmora2/Desktop/LATEX/code20
13/images/newton4.pdf>]
(D:\Usuarios\wmora2\Desktop\LATEX\code2013\ejemplo6-8.aux) ) 
Here is how much of TeX's memory you used:
 1335 strings out of 493921
 18122 string characters out of 3144865
 67090 words of memory out of 3000000
 4667 multiletter control sequences out of 15000+200000
 3939 words of font info for 15 fonts, out of 3000000 for 9000
 841 hyphenation exceptions out of 8191
 27i,7n,24p,281b,248s stack positions out of 5000i,500n,10000p,200000b,50000s
<C:/Program Files (
x86)/MiKTeX 2.9/fonts/type1/public/amsfonts/cm/cmr10.pfb><C:/Program Files (x86
)/MiKTeX 2.9/fonts/type1/public/amsfonts/cm/cmr8.pfb><C:/Program Files (x86)/Mi
KTeX 2.9/fonts/type1/public/cour/cour.pfa>
Output written on ejemplo6-8.pdf (1 page, 52420 bytes).
PDF statistics:
 44 PDF objects out of 1000 (max. 8388607)
 0 named destinations out of 1000 (max. 500000)
 16 words of extra memory for PDF output out of 10000 (max. 10000000)

